2015-05-03 11:14:48,824 - fzl_functions - INFO - Deleted FeII line (Bad doublet ratio): 0.858335
2015-05-03 11:14:48,825 - fzl_functions - INFO - Deleted FeII line (Bad doublet ratio): 0.85922
2015-05-03 11:14:48,826 - fzl_functions - INFO - Deleted FeII line (Bad doublet ratio): 0.86189
2015-05-03 11:14:48,826 - fzl_functions - INFO - Deleted FeII line (Bad doublet ratio): 0.8624
2015-05-03 11:14:48,827 - fzl_functions - INFO - Deleted FeII line (Main Transition < Secondary): 1.03361
2015-05-03 11:14:48,828 - fzl_functions - INFO - Both members of FeII doublet saturated: 2.401595
2015-05-03 11:14:48,828 - fzl_functions - INFO - Both members of FeII doublet saturated: 2.401595
2015-05-03 11:14:48,835 - fzl_functions - INFO - Deleted CIV line (Bad doublet ratio): 1.787435
2015-05-03 11:14:48,835 - fzl_functions - INFO - Both members of CIV doublet saturated: 1.8611
2015-05-03 11:14:48,835 - fzl_functions - INFO - Both members of CIV doublet saturated: 1.8611
2015-05-03 11:14:48,835 - fzl_functions - INFO - Deleted CIV line (Bad doublet ratio): 1.86245
2015-05-03 11:14:48,836 - fzl_functions - INFO - Deleted CIV line (Bad doublet ratio): 1.934735
2015-05-03 11:14:48,836 - fzl_functions - INFO - Deleted CIV line (Main Transition < Secondary): 2.39753
2015-05-03 11:14:48,837 - fzl_functions - INFO - Deleted CIV line (Main Transition < Secondary): 2.398385
2015-05-03 11:14:48,837 - fzl_functions - INFO - Deleted CIV line (Bad doublet ratio): 2.409605
2015-05-03 11:14:48,837 - fzl_functions - INFO - Deleted CIV line (Bad doublet ratio): 2.40974
2015-05-03 11:14:48,839 - fzl_functions - INFO - Deleted CIV line (Bad doublet ratio): 2.53334
2015-05-03 11:14:48,839 - fzl_functions - INFO - Deleted CIV line (Bad doublet ratio): 2.5343
2015-05-03 11:14:48,848 - fzl_functions - INFO - Deleted MgII line (Bad doublet ratio): 0.54325
2015-05-03 11:14:48,849 - fzl_functions - INFO - Deleted MgII line (Bad doublet ratio): 0.5452
2015-05-03 11:14:48,849 - fzl_functions - INFO - Deleted MgII line (Main Transition < Secondary): 0.58327
2015-05-03 11:14:48,850 - fzl_functions - INFO - Deleted MgII line (Bad doublet ratio): 0.583375
2015-05-03 11:14:48,850 - fzl_functions - INFO - Deleted MgII line (Bad doublet ratio): 0.62335
2015-05-03 11:14:48,851 - fzl_functions - INFO - Deleted MgII line (Bad doublet ratio): 0.72352
2015-05-03 11:14:48,851 - fzl_functions - INFO - Deleted MgII line (Main Transition < Secondary): 0.8815
2015-05-03 11:14:48,852 - fzl_functions - INFO - Deleted MgII line (Bad doublet ratio): 0.88612
2015-05-03 11:14:48,853 - fzl_functions - INFO - Deleted MgII line (Main Transition < Secondary): 0.954985
2015-05-03 11:14:48,854 - fzl_functions - INFO - Deleted MgII line (Main Transition < Secondary): 1.02796
2015-05-03 11:14:48,856 - fzl_functions - INFO - Deleted MgII line (Bad doublet ratio): 2.16265
2015-05-03 11:14:48,856 - fzl_functions - INFO - Deleted MgII line (Bad doublet ratio): 2.204155
2015-05-03 11:14:48,858 - fzl_functions - INFO - Deleted MgII line (Main Transition < Secondary): 2.21923
2015-05-03 11:14:48,859 - fzl_functions - INFO - Deleted MgII line (Main Transition < Secondary): 2.24395
2015-05-03 11:14:48,860 - fzl_functions - INFO - Deleted MgII line (Main Transition < Secondary): 2.447245
2015-05-03 11:14:48,860 - fzl_functions - INFO - Deleted MgII line (Main Transition < Secondary): 2.450095
2015-05-03 11:14:48,861 - fzl_functions - INFO - Deleted MgII line (Bad doublet ratio): 2.47063
2015-05-03 11:14:48,862 - fzl_functions - INFO - Deleted MgII line (Main Transition < Secondary): 2.493295
