2015-05-03 11:01:37,290 - __main__ - INFO - ========== Reading in Spectrum ==========

2015-05-03 11:01:37,291 - __main__ - INFO - Ignored first 0 lines of data because they were dumb.

2015-05-03 11:01:38,453 - __main__ - INFO - ========== Initializing Search Arrays ==========

2015-05-03 11:01:38,453 - __main__ - INFO - Searching redward of Lya, starting at 4315.38 A.
2015-05-03 11:01:38,468 - __main__ - INFO - FeII blue limit = 4315.38 red limit = 9204.612066
2015-05-03 11:01:38,468 - __main__ - INFO - FeII min_z = 0.840864357947 max_z = 2.54.
2015-05-03 11:01:38,469 - __main__ - INFO - CIV blue limit = 4315.38 red limit = 5489.7258
2015-05-03 11:01:38,469 - __main__ - INFO - CIV min_z = 1.78736205711 max_z = 2.54.
2015-05-03 11:01:38,469 - __main__ - INFO - MgII blue limit = 4315.38 red limit = 9924.49974
2015-05-03 11:01:38,469 - __main__ - INFO - MgII min_z = 0.543217735106 max_z = 2.54.
2015-05-03 11:01:39,382 - __main__ - INFO - Run time for prep work: 0.03 mins.

2015-05-03 11:01:39,382 - __main__ - INFO - ========== Beginning Filtering Routines ==========

2015-05-03 11:01:39,385 - __main__ - INFO - Min Value Established: [ 97520.16903591]
2015-05-03 11:01:39,388 - __main__ - INFO - Max Value Established: [ 97530.16903591]
2015-05-03 11:08:30,158 - __main__ - INFO - Run time to correlation: 6.88 mins.

2015-05-03 11:08:30,158 - __main__ - INFO - ========== Calculating Power Spectrum Errors ==========

2015-05-03 11:14:48,821 - __main__ - INFO - Params for detection limit fit: m = 0.31902806072   b = 2.78198753271e-05.

2015-05-03 11:14:48,821 - __main__ - INFO - ========== Finding Lines and Filtering Bad Ones ==========

2015-05-03 11:14:48,823 - __main__ - INFO - ========== FeII Lines detected. Culling bad lines ==========

2015-05-03 11:14:48,829 - __main__ - INFO - --------------------------------------------------------------------------
2015-05-03 11:14:48,829 - __main__ - INFO - Detected 4 FeII lines:
2015-05-03 11:14:48,830 - __main__ - INFO - [ 1.02266   1.02296   1.02347   2.401595]
2015-05-03 11:14:48,830 - __main__ - INFO - Detection limit for each detection (Angstrom):
2015-05-03 11:14:48,830 - __main__ - INFO - [ 0.04899017  0.04842955  0.0477097   0.12461032]
2015-05-03 11:14:48,831 - __main__ - INFO - Line sigma:
2015-05-03 11:14:48,831 - __main__ - INFO - [  7.95518194  18.75557853  16.50192166  27.10815487]
2015-05-03 11:14:48,832 - __main__ - INFO - --------------------------------------------------------------------------

2015-05-03 11:14:48,834 - __main__ - INFO - ========== CIV Lines detected. Culling bad lines ==========

2015-05-03 11:14:48,841 - __main__ - INFO - --------------------------------------------------------------------------
2015-05-03 11:14:48,841 - __main__ - INFO - Detected 13 CIV lines:
2015-05-03 11:14:48,841 - __main__ - INFO - [ 1.793765  1.8611    2.02124   2.196815  2.397035  2.40179   2.403665
  2.421305  2.46617   2.46695   2.467595  2.46863   2.531105]
2015-05-03 11:14:48,842 - __main__ - INFO - Detection limit for each detection (Angstrom):
2015-05-03 11:14:48,842 - __main__ - INFO - [ 0.06791729  0.04128251  0.08867988  0.03269801  0.03388239  0.03657196
  0.0357631   0.04260949  0.03309198  0.03421219  0.0339926   0.03350177
  0.01909763]
2015-05-03 11:14:48,843 - __main__ - INFO - Line sigma:
2015-05-03 11:14:48,843 - __main__ - INFO - [  5.51439971  45.51786905   5.17347461   5.09309519   9.91736329
  38.58960352  48.77078914   9.91299546   7.75353513  13.03818171
   9.03334042  31.13002682  13.07858326]
2015-05-03 11:14:48,844 - __main__ - INFO - --------------------------------------------------------------------------

2015-05-03 11:14:48,847 - __main__ - INFO - ========== MgII Lines detected. Culling bad lines ==========

2015-05-03 11:14:48,869 - __main__ - INFO - --------------------------------------------------------------------------
2015-05-03 11:14:48,870 - __main__ - INFO - Detected 10 MgII lines:
2015-05-03 11:14:48,870 - __main__ - INFO - [ 0.880765  0.883105  1.02286   1.023445  1.587715  1.58782   2.156185
  2.212255  2.228545  2.462665]
2015-05-03 11:14:48,873 - __main__ - INFO - Detection limit for each detection (Angstrom):
2015-05-03 11:14:48,873 - __main__ - INFO - [ 0.03147444  0.03318318  0.03165152  0.03171235  0.06886739  0.06884497
  0.11276829  0.11170416  0.12329014  0.18492247]
2015-05-03 11:14:48,875 - __main__ - INFO - Line sigma:
2015-05-03 11:14:48,875 - __main__ - INFO - [ 10.41060134  26.85567184  39.55504662  53.84394362   6.38854169
   6.43804496   8.57920905   7.92950386   6.81081393   5.62327513]
2015-05-03 11:14:48,876 - __main__ - INFO - --------------------------------------------------------------------------

2015-05-03 11:15:00,276 - __main__ - INFO - Saved plot files in detection redshift directories.
2015-05-03 11:15:39,245 - __main__ - INFO - Saved plot files in detection redshift directories.
2015-05-03 11:16:07,974 - __main__ - INFO - Saved plot files in detection redshift directories.
2015-05-03 11:16:07,974 - __main__ - INFO - Total run time: 14.51 mins.
