2015-02-03 18:31:37,284 - fzl_functions - INFO - Deleted CIV line (Bad doublet ratio): 1.787435
2015-02-03 18:31:37,285 - fzl_functions - INFO - Both members of CIV doublet saturated: 1.8611
2015-02-03 18:31:37,285 - fzl_functions - INFO - Both members of CIV doublet saturated: 1.8611
2015-02-03 18:31:37,285 - fzl_functions - INFO - Deleted CIV line (Bad doublet ratio): 1.86245
2015-02-03 18:31:37,286 - fzl_functions - INFO - Deleted CIV line (Bad doublet ratio): 1.934735
2015-02-03 18:31:37,287 - fzl_functions - INFO - Deleted CIV line (Main Transition < Secondary): 2.39753
2015-02-03 18:31:37,287 - fzl_functions - INFO - Deleted CIV line (Main Transition < Secondary): 2.398385
2015-02-03 18:31:37,288 - fzl_functions - INFO - Deleted CIV line (Bad doublet ratio): 2.409605
2015-02-03 18:31:37,289 - fzl_functions - INFO - Deleted CIV line (Bad doublet ratio): 2.40974
2015-02-03 18:31:37,291 - fzl_functions - INFO - Deleted CIV line (Bad doublet ratio): 2.53334
2015-02-03 18:31:37,292 - fzl_functions - INFO - Deleted CIV line (Bad doublet ratio): 2.5343
2015-02-03 18:31:37,305 - fzl_functions - INFO - Deleted MgII line (Bad doublet ratio): 0.54325
2015-02-03 18:31:37,306 - fzl_functions - INFO - Deleted MgII line (Bad doublet ratio): 0.5452
2015-02-03 18:31:37,307 - fzl_functions - INFO - Deleted MgII line (Main Transition < Secondary): 0.58327
2015-02-03 18:31:37,308 - fzl_functions - INFO - Deleted MgII line (Bad doublet ratio): 0.583375
2015-02-03 18:31:37,308 - fzl_functions - INFO - Deleted MgII line (Bad doublet ratio): 0.62335
2015-02-03 18:31:37,309 - fzl_functions - INFO - Deleted MgII line (Bad doublet ratio): 0.72352
2015-02-03 18:31:37,312 - fzl_functions - INFO - Deleted MgII line (Main Transition < Secondary): 0.8815
2015-02-03 18:31:37,314 - fzl_functions - INFO - Deleted MgII line (Bad doublet ratio): 0.88612
2015-02-03 18:31:37,315 - fzl_functions - INFO - Deleted MgII line (Main Transition < Secondary): 0.954985
2015-02-03 18:31:37,317 - fzl_functions - INFO - Deleted MgII line (Main Transition < Secondary): 1.02796
2015-02-03 18:31:37,321 - fzl_functions - INFO - Deleted MgII line (Bad doublet ratio): 2.16265
2015-02-03 18:31:37,322 - fzl_functions - INFO - Deleted MgII line (Bad doublet ratio): 2.204155
2015-02-03 18:31:37,323 - fzl_functions - INFO - Deleted MgII line (Main Transition < Secondary): 2.21923
2015-02-03 18:31:37,325 - fzl_functions - INFO - Deleted MgII line (Main Transition < Secondary): 2.243935
2015-02-03 18:31:37,326 - fzl_functions - INFO - Deleted MgII line (Main Transition < Secondary): 2.447245
2015-02-03 18:31:37,327 - fzl_functions - INFO - Deleted MgII line (Main Transition < Secondary): 2.45008
2015-02-03 18:31:37,329 - fzl_functions - INFO - Deleted MgII line (Bad doublet ratio): 2.47063
2015-02-03 18:31:37,330 - fzl_functions - INFO - Deleted MgII line (Main Transition < Secondary): 2.493295
2015-02-03 18:31:37,330 - fzl_functions - INFO - Deleted MgII line (Main Transition < Secondary): 2.4934
