2015-02-03 18:22:40,629 - __main__ - INFO - ========== Reading in Spectrum ==========

2015-02-03 18:22:40,636 - __main__ - INFO - Ignored first 0 lines of code because they were dumb.

2015-02-03 18:22:42,886 - __main__ - INFO - ========== Initializing Search Arrays ==========

2015-02-03 18:22:42,887 - __main__ - INFO - Searching redward of Lya, starting at 4315.38 A.
2015-02-03 18:22:42,903 - __main__ - INFO - CIV blue_limit = 4315.38 red_limit = 5489.7258
2015-02-03 18:22:42,903 - __main__ - INFO - CIV minz_z = 1.78736205711 max_z = 2.54.
2015-02-03 18:22:42,904 - __main__ - INFO - MgII blue_limit = 4315.38 red_limit = 9924.49967628
2015-02-03 18:22:42,904 - __main__ - INFO - MgII min_z = 0.54321674947 max_z = 2.54.
2015-02-03 18:22:44,899 - __main__ - INFO - Run time for prep work: 0.07 mins.

2015-02-03 18:22:44,899 - __main__ - INFO - ========== Beginning Filtering Routines ==========

2015-02-03 18:22:44,909 - __main__ - INFO - Min Value Established: [ 97520.16903591]
2015-02-03 18:22:44,913 - __main__ - INFO - Max Value Established: [ 97530.16903591]
2015-02-03 18:27:05,363 - __main__ - INFO - Run time to correlation: 4.41 mins.

2015-02-03 18:27:05,363 - __main__ - INFO - ========== Calculating Power Spectrum Errors ==========

2015-02-03 18:31:37,280 - __main__ - INFO - Params for detection limit fit: m = 0.479656047511   b = 8.27374045576e-05.

2015-02-03 18:31:37,280 - __main__ - INFO - ========== Finding Lines and Filtering Bad Ones ==========

2015-02-03 18:31:37,284 - __main__ - INFO - ========== CIV Lines detected. Culling bad lines ==========

2015-02-03 18:31:37,297 - __main__ - INFO - --------------------------------------------------------------------------
2015-02-03 18:31:37,297 - __main__ - INFO - Detected 13 CIV lines:
2015-02-03 18:31:37,297 - __main__ - INFO - [ 1.793765  1.8611    2.02124   2.196815  2.397035  2.40179   2.403665
  2.421305  2.46617   2.46695   2.467595  2.46863   2.531105]
2015-02-03 18:31:37,298 - __main__ - INFO - Detection limit for each detection (Angstrom):
2015-02-03 18:31:37,299 - __main__ - INFO - [ 0.04517304  0.02745775  0.05898262  0.02174805  0.0225358   0.02432468
  0.0237867   0.02834035  0.02201008  0.02275516  0.0226091   0.02228264
  0.01270219]
2015-02-03 18:31:37,300 - __main__ - INFO - Line sigma:
2015-02-03 18:31:37,300 - __main__ - INFO - [  5.51439971  45.51786905   5.17347461   5.09309519   9.9173633
  38.58960352  48.77078914   9.91299546   7.75353513  13.03818171
   9.03334042  31.13002683  13.07858326]
2015-02-03 18:31:37,301 - __main__ - INFO - --------------------------------------------------------------------------

2015-02-03 18:31:37,304 - __main__ - INFO - ========== MgII Lines detected. Culling bad lines ==========

2015-02-03 18:31:37,338 - __main__ - INFO - --------------------------------------------------------------------------
2015-02-03 18:31:37,338 - __main__ - INFO - Detected 10 MgII lines:
2015-02-03 18:31:37,338 - __main__ - INFO - [ 0.880765  0.883105  1.022845  1.023445  1.587715  1.58782   2.156185
  2.212255  2.228545  2.462665]
2015-02-03 18:31:37,339 - __main__ - INFO - Detection limit for each detection (Angstrom):
2015-02-03 18:31:37,339 - __main__ - INFO - [ 0.02130609  0.02246754  0.02132648  0.02136024  0.04588204  0.04582843
  0.07602887  0.08713127  0.07978919  0.12333869]
2015-02-03 18:31:37,340 - __main__ - INFO - Line sigma:
2015-02-03 18:31:37,340 - __main__ - INFO - [ 10.22890781  26.38139038  39.04600748  53.16900381   6.37781429
   6.43265827   8.46359664   6.76146133   6.99974981   5.6076243 ]
2015-02-03 18:31:37,341 - __main__ - INFO - --------------------------------------------------------------------------

2015-02-03 18:32:21,060 - __main__ - INFO - Saved plot files in detection redshift directories.
2015-02-03 18:32:53,330 - __main__ - INFO - Saved plot files in detection redshift directories.
2015-02-03 18:32:53,330 - __main__ - INFO - Total run time: 10.21 mins.
